<?xml version="1.0" encoding="UTF-8"?>
<!-- Generated by org.testng.reporters.JUnitXMLReporter -->
<testsuite ignored="0" hostname="LAPTOP-7UOI14JD" failures="0" tests="3" name="Default test" time="88.634" errors="0" timestamp="05 Sep 2023 14:24:55 GMT">
  <testcase classname="ecom.simplemavemproj1.PopitemsTest" name="laptoptest" time="19.009"/>
  <testcase classname="ecom.simplemavemproj1.PopitemsTest" name="spktest" time="16.308"/>
  <testcase classname="ecom.simplemavemproj1.PopitemsTest" name="tabletest" time="15.858"/>
</testsuite> <!-- Default test -->
